<?xml version="1.0" encoding="UTF-8" ?>
<testsuite tests="2" failures="0" name="tests.Tests" time="3.896" errors="0" skipped="0">
  <properties>
    <property name="java.runtime.name" value="Java(TM) SE Runtime Environment"/>
    <property name="sun.boot.library.path" value="C:\Program Files (x86)\Java\jdk1.8.0_172\jre\bin"/>
    <property name="java.vm.version" value="25.172-b11"/>
    <property name="java.vm.vendor" value="Oracle Corporation"/>
    <property name="maven.multiModuleProjectDirectory" value="C:\Users\Pablo\eclipse-workspace\seleniumTutorial"/>
    <property name="java.vendor.url" value="http://java.oracle.com/"/>
    <property name="path.separator" value=";"/>
    <property name="guice.disable.misplaced.annotation.check" value="true"/>
    <property name="java.vm.name" value="Java HotSpot(TM) Client VM"/>
    <property name="file.encoding.pkg" value="sun.io"/>
    <property name="user.script" value=""/>
    <property name="user.country" value="AR"/>
    <property name="sun.java.launcher" value="SUN_STANDARD"/>
    <property name="sun.os.patch.level" value=""/>
    <property name="java.vm.specification.name" value="Java Virtual Machine Specification"/>
    <property name="user.dir" value="C:\Users\Pablo\eclipse-workspace\seleniumTutorial"/>
    <property name="java.runtime.version" value="1.8.0_172-b11"/>
    <property name="java.awt.graphicsenv" value="sun.awt.Win32GraphicsEnvironment"/>
    <property name="java.endorsed.dirs" value="C:\Program Files (x86)\Java\jdk1.8.0_172\jre\lib\endorsed"/>
    <property name="os.arch" value="x86"/>
    <property name="java.io.tmpdir" value="C:\Users\Pablo\AppData\Local\Temp\"/>
    <property name="line.separator" value="
"/>
    <property name="java.vm.specification.vendor" value="Oracle Corporation"/>
    <property name="user.variant" value=""/>
    <property name="os.name" value="Windows 10"/>
    <property name="classworlds.conf" value="C:\Users\Pablo\Documents\Maven\bin\..\bin\m2.conf"/>
    <property name="sun.jnu.encoding" value="Cp1252"/>
    <property name="java.library.path" value="C:\Program Files (x86)\Java\jdk1.8.0_172\bin;C:\WINDOWS\Sun\Java\bin;C:\WINDOWS\system32;C:\WINDOWS;C:\Program Files\Microsoft MPI\Bin\;C:\Program Files (x86)\Common Files\Oracle\Java\javapath;C:\ProgramData\Oracle\Java\javapath;C:\WINDOWS\system32;C:\WINDOWS;C:\WINDOWS\System32\Wbem;C:\WINDOWS\System32\WindowsPowerShell\v1.0\;C:\Program Files\Git\cmd;GRADLE_HOME\bin;C:\Users\Pablo\gradle-4.3\bin;C:\Users\Pablo\Documents\Maven\bin;;C:\WINDOWS\System32\OpenSSH\;C:\Program Files\dotnet\;C:\Program Files\Microsoft SQL Server\130\Tools\Binn\;C:\Program Files\Microsoft VS Code\bin;C:\Program Files\nodejs\;C:\Users\Pablo\AppData\Local\Programs\Python\Python37-32\Scripts\;C:\Users\Pablo\AppData\Local\Programs\Python\Python37-32\;C:\Ruby24-x64\bin;C:\Users\Pablo\AppData\Local\Programs\Python\Python36-32\Scripts\;C:\Users\Pablo\AppData\Local\Programs\Python\Python36-32\;C:\Users\Pablo\AppData\Local\Microsoft\WindowsApps;C:\Program Files\Microsoft VS Code\bin;GRADLE_HOME\bin;C:\Users\Pablo\gradle-4.3\bin;C:\Users\Pablo\Documents\Maven\bin;C:\Users\Pablo\AppData\Roaming\npm;."/>
    <property name="maven.conf" value="C:\Users\Pablo\Documents\Maven\bin\../conf"/>
    <property name="java.specification.name" value="Java Platform API Specification"/>
    <property name="java.class.version" value="52.0"/>
    <property name="sun.management.compiler" value="HotSpot Client Compiler"/>
    <property name="os.version" value="10.0"/>
    <property name="library.jansi.path" value="C:\Users\Pablo\Documents\Maven\bin\..\lib\jansi-native"/>
    <property name="user.home" value="C:\Users\Pablo"/>
    <property name="user.timezone" value="America/Buenos_Aires"/>
    <property name="java.awt.printerjob" value="sun.awt.windows.WPrinterJob"/>
    <property name="java.specification.version" value="1.8"/>
    <property name="file.encoding" value="Cp1252"/>
    <property name="user.name" value="Pablo"/>
    <property name="java.class.path" value="C:\Users\Pablo\Documents\Maven\bin\..\boot\plexus-classworlds-2.5.2.jar"/>
    <property name="java.vm.specification.version" value="1.8"/>
    <property name="sun.arch.data.model" value="32"/>
    <property name="java.home" value="C:\Program Files (x86)\Java\jdk1.8.0_172\jre"/>
    <property name="sun.java.command" value="org.codehaus.plexus.classworlds.launcher.Launcher package"/>
    <property name="java.specification.vendor" value="Oracle Corporation"/>
    <property name="user.language" value="es"/>
    <property name="awt.toolkit" value="sun.awt.windows.WToolkit"/>
    <property name="java.vm.info" value="mixed mode, sharing"/>
    <property name="java.version" value="1.8.0_172"/>
    <property name="java.ext.dirs" value="C:\Program Files (x86)\Java\jdk1.8.0_172\jre\lib\ext;C:\WINDOWS\Sun\Java\lib\ext"/>
    <property name="sun.boot.class.path" value="C:\Program Files (x86)\Java\jdk1.8.0_172\jre\lib\resources.jar;C:\Program Files (x86)\Java\jdk1.8.0_172\jre\lib\rt.jar;C:\Program Files (x86)\Java\jdk1.8.0_172\jre\lib\sunrsasign.jar;C:\Program Files (x86)\Java\jdk1.8.0_172\jre\lib\jsse.jar;C:\Program Files (x86)\Java\jdk1.8.0_172\jre\lib\jce.jar;C:\Program Files (x86)\Java\jdk1.8.0_172\jre\lib\charsets.jar;C:\Program Files (x86)\Java\jdk1.8.0_172\jre\lib\jfr.jar;C:\Program Files (x86)\Java\jdk1.8.0_172\jre\classes"/>
    <property name="sun.stderr.encoding" value="cp850"/>
    <property name="java.vendor" value="Oracle Corporation"/>
    <property name="maven.home" value="C:\Users\Pablo\Documents\Maven\bin\.."/>
    <property name="file.separator" value="\"/>
    <property name="java.vendor.url.bug" value="http://bugreport.sun.com/bugreport/"/>
    <property name="sun.cpu.endian" value="little"/>
    <property name="sun.io.unicode.encoding" value="UnicodeLittle"/>
    <property name="sun.stdout.encoding" value="cp850"/>
    <property name="sun.desktop" value="windows"/>
    <property name="sun.cpu.isalist" value="pentium_pro+mmx pentium_pro pentium+mmx pentium i486 i386 i86"/>
  </properties>
  <testcase classname="tests.Tests" name="loginIncorrecto" time="3.611"/>
  <testcase classname="tests.Tests" name="pruebaTituloEnUsuario" time="0.285"/>
</testsuite>