<?xml version="1.0" encoding="UTF-8"?>
<!-- Generated by org.testng.reporters.JUnitReportReporter -->
<testsuite skipped="0" hostname="sofia" name="testsDeMorondanga.PipiCucu" tests="2" failures="0" timestamp="06 abr 2019 13:24:26 GMT" time="0.003" errors="0">
  <testcase name="verificarAlgo" time="0.002" classname="testsDeMorondanga.PipiCucu"/>
  <testcase name="verificarMultiplicacion" time="0.001" classname="testsDeMorondanga.PipiCucu"/>
</testsuite> <!-- testsDeMorondanga.PipiCucu -->
