<?xml version="1.0" encoding="UTF-8"?>
<!-- Generated by org.testng.reporters.JUnitReportReporter -->
<testsuite skipped="0" hostname="sofia" name="tests.Cuentas" tests="2" failures="0" timestamp="18 jun 2019 13:28:05 GMT" time="0.031" errors="0">
  <testcase name="verificarSuma" time="0.000" classname="tests.Cuentas"/>
  <testcase name="verificarResta" time="0.031" classname="tests.Cuentas"/>
</testsuite> <!-- tests.Cuentas -->
