<?xml version="1.0" encoding="UTF-8"?>
<!-- Generated by org.testng.reporters.JUnitReportReporter -->
<testsuite skipped="0" hostname="sofia" name="tests.Cuentas" tests="2" failures="0" timestamp="06 abr 2019 13:24:26 GMT" time="0.015" errors="0">
  <testcase name="verificarResta" time="0.014" classname="tests.Cuentas"/>
  <testcase name="verificarSuma" time="0.001" classname="tests.Cuentas"/>
</testsuite> <!-- tests.Cuentas -->
