<?xml version="1.0" encoding="UTF-8"?>
<!-- Generated by org.testng.reporters.JUnitReportReporter -->
<testsuite skipped="0" hostname="DESKTOP-73KEIQS" name="tests.Cuentas" tests="2" failures="0" timestamp="10 dic 2018 16:04:07 GMT" time="0.024" errors="0">
  <testcase name="verificarResta" time="0.020" classname="tests.Cuentas"/>
  <testcase name="verificarSuma" time="0.004" classname="tests.Cuentas"/>
</testsuite> <!-- tests.Cuentas -->
