<?xml version="1.0" encoding="UTF-8"?>
<!-- Generated by org.testng.reporters.JUnitReportReporter -->
<testsuite skipped="3" hostname="sofia" name="tests.Tests" tests="5" failures="0" timestamp="18 jun 2019 14:11:47 GMT" time="28.365" errors="0">
  <testcase name="loginIncorrecto" time="12.126" classname="tests.Tests"/>
  <testcase name="pruebaTituloEnUsuario" time="16.239" classname="tests.Tests"/>
  <testcase name="login" classname="tests.Tests">
    <skipped/>
  </testcase> <!-- login -->
  <testcase name="pruebaTres" classname="tests.Tests">
    <skipped/>
  </testcase> <!-- pruebaTres -->
  <testcase name="pruebaCantidadDeCampos" classname="tests.Tests">
    <skipped/>
  </testcase> <!-- pruebaCantidadDeCampos -->
</testsuite> <!-- tests.Tests -->
