<?xml version="1.0" encoding="UTF-8"?>
<!-- Generated by org.testng.reporters.JUnitReportReporter -->
<testsuite skipped="0" hostname="DESKTOP-73KEIQS" name="testsDeMorondanga.PipiCucu" tests="2" failures="0" timestamp="10 dic 2018 16:04:07 GMT" time="0.000" errors="0">
  <testcase name="verificarMultiplicacion" time="0.000" classname="testsDeMorondanga.PipiCucu"/>
  <testcase name="verificarAlgo" time="0.000" classname="testsDeMorondanga.PipiCucu"/>
</testsuite> <!-- testsDeMorondanga.PipiCucu -->
