<?xml version="1.0" encoding="UTF-8"?>
<!-- Generated by org.testng.reporters.JUnitReportReporter -->
<testsuite skipped="3" hostname="sofia" name="tests.Tests" tests="5" failures="0" timestamp="18 jun 2019 13:55:20 GMT" time="25.058" errors="0">
  <testcase name="pruebaTituloEnUsuario" time="10.235" classname="tests.Tests"/>
  <testcase name="loginIncorrecto" time="14.823" classname="tests.Tests"/>
  <testcase name="login" classname="tests.Tests">
    <skipped/>
  </testcase> <!-- login -->
  <testcase name="pruebaTres" classname="tests.Tests">
    <skipped/>
  </testcase> <!-- pruebaTres -->
  <testcase name="pruebaCantidadDeCampos" classname="tests.Tests">
    <skipped/>
  </testcase> <!-- pruebaCantidadDeCampos -->
</testsuite> <!-- tests.Tests -->
