<?xml version="1.0" encoding="UTF-8"?>
<!-- Generated by org.testng.reporters.JUnitReportReporter -->
<testsuite skipped="4" hostname="sofia" name="tests.Tests" tests="5" failures="0" timestamp="16 abr 2019 16:33:43 GMT" time="8.889" errors="0">
  <testcase name="loginIncorrecto" time="8.889" classname="tests.Tests"/>
  <testcase name="login" classname="tests.Tests">
    <skipped/>
  </testcase> <!-- login -->
  <testcase name="pruebaTres" classname="tests.Tests">
    <skipped/>
  </testcase> <!-- pruebaTres -->
  <testcase name="pruebaCantidadDeCampos" classname="tests.Tests">
    <skipped/>
  </testcase> <!-- pruebaCantidadDeCampos -->
  <testcase name="pruebaTituloEnUsuario" classname="tests.Tests">
    <skipped/>
  </testcase> <!-- pruebaTituloEnUsuario -->
</testsuite> <!-- tests.Tests -->
