<?xml version="1.0" encoding="UTF-8"?>
<!-- Generated by org.testng.reporters.JUnitReportReporter -->
<testsuite skipped="3" hostname="sofia" name="tests.Tests" tests="5" failures="0" timestamp="04 jul 2019 12:59:57 GMT" time="28.708" errors="0">
  <testcase name="pruebaTituloEnUsuario" time="7.815" classname="tests.Tests"/>
  <testcase name="loginIncorrecto" time="20.893" classname="tests.Tests"/>
  <testcase name="login" classname="tests.Tests">
    <skipped/>
  </testcase> <!-- login -->
  <testcase name="pruebaTres" classname="tests.Tests">
    <skipped/>
  </testcase> <!-- pruebaTres -->
  <testcase name="pruebaCantidadDeCampos" classname="tests.Tests">
    <skipped/>
  </testcase> <!-- pruebaCantidadDeCampos -->
</testsuite> <!-- tests.Tests -->
